<?xml version="1.0" encoding="UTF-8"?>
<testsuite name="nz.alphaone.library.api.ProjectList.ProjectListServiceTest" tests="2" skipped="0" failures="0" errors="0" timestamp="2020-06-09T04:26:22" hostname="CAMILO-PC" time="3.409">
  <properties/>
  <testcase name="getAlphaGoProjectList()" classname="nz.alphaone.library.api.ProjectList.ProjectListServiceTest" time="1.915"/>
  <testcase name="markAlphaGoProjectAsDone()" classname="nz.alphaone.library.api.ProjectList.ProjectListServiceTest" time="1.494"/>
  <system-out><![CDATA[]]></system-out>
  <system-err><![CDATA[]]></system-err>
</testsuite>
