<?xml version="1.0" encoding="UTF-8"?>
<testsuite name="nz.alphaone.library.api.Common.AppConfigTest" tests="1" skipped="0" failures="0" errors="0" timestamp="2020-06-09T04:26:22" hostname="CAMILO-PC" time="0.007">
  <properties/>
  <testcase name="getConfig()" classname="nz.alphaone.library.api.Common.AppConfigTest" time="0.007"/>
  <system-out><![CDATA[Test Executed: Tue Jun 09 16:26:22 NZST 2020
]]></system-out>
  <system-err><![CDATA[]]></system-err>
</testsuite>
