<?xml version="1.0" encoding="UTF-8"?>
<testsuite name="nz.alphaone.library.api.Util.EncryptionUtilTest" tests="10" skipped="0" failures="0" errors="0" timestamp="2020-06-09T04:26:25" hostname="CAMILO-PC" time="0.039">
  <properties/>
  <testcase name="md5(String, String)[1]" classname="nz.alphaone.library.api.Util.EncryptionUtilTest" time="0.018"/>
  <testcase name="md5(String, String)[2]" classname="nz.alphaone.library.api.Util.EncryptionUtilTest" time="0.001"/>
  <testcase name="md5(String, String)[3]" classname="nz.alphaone.library.api.Util.EncryptionUtilTest" time="0.001"/>
  <testcase name="md5(String, String)[4]" classname="nz.alphaone.library.api.Util.EncryptionUtilTest" time="0.0"/>
  <testcase name="md5(String, String)[5]" classname="nz.alphaone.library.api.Util.EncryptionUtilTest" time="0.001"/>
  <testcase name="sha1(String, String)[1]" classname="nz.alphaone.library.api.Util.EncryptionUtilTest" time="0.002"/>
  <testcase name="sha1(String, String)[2]" classname="nz.alphaone.library.api.Util.EncryptionUtilTest" time="0.001"/>
  <testcase name="sha1(String, String)[3]" classname="nz.alphaone.library.api.Util.EncryptionUtilTest" time="0.001"/>
  <testcase name="sha1(String, String)[4]" classname="nz.alphaone.library.api.Util.EncryptionUtilTest" time="0.001"/>
  <testcase name="sha1(String, String)[5]" classname="nz.alphaone.library.api.Util.EncryptionUtilTest" time="0.001"/>
  <system-out><![CDATA[]]></system-out>
  <system-err><![CDATA[]]></system-err>
</testsuite>
