<?xml version="1.0" encoding="UTF-8"?>
<testsuite name="nz.alphaone.library.api.Common.AppConfigTest" tests="1" skipped="0" failures="0" errors="0" timestamp="2020-06-06T09:58:06" hostname="CAMILO-PC" time="0.026">
  <properties/>
  <testcase name="getConfig()" classname="nz.alphaone.library.api.Common.AppConfigTest" time="0.026"/>
  <system-out><![CDATA[Test Executed: Sat Jun 06 21:58:06 NZST 2020
]]></system-out>
  <system-err><![CDATA[]]></system-err>
</testsuite>
